<?xml version="1.0" encoding="utf-8"?><testsuites name="pytest tests"><testsuite name="pytest" errors="0" failures="0" skipped="0" tests="41" time="1.434" timestamp="2026-04-21T23:17:40.941614+08:00" hostname="JOHN-PC"><testcase classname="tests.test_alert_system.TestAlertSystem" name="test_initialization" time="0.009" /><testcase classname="tests.test_alert_system.TestAlertSystem" name="test_setup_default_rules" time="0.005" /><testcase classname="tests.test_alert_system.TestAlertSystem" name="test_add_rule" time="0.003" /><testcase classname="tests.test_alert_system.TestAlertSystem" name="test_remove_rule" time="0.003" /><testcase classname="tests.test_alert_system.TestAlertSystem" name="test_check_metrics_performance_degradation" time="0.004" /><testcase classname="tests.test_alert_system.TestAlertSystem" name="test_check_metrics_memory_overflow" time="0.005" /><testcase classname="tests.test_alert_system.TestAlertSystem" name="test_check_metrics_gpu_overheat" time="0.004" /><testcase classname="tests.test_alert_system.TestAlertSystem" name="test_check_metrics_error_rate" time="0.005" /><testcase classname="tests.test_alert_system.TestAlertSystem" name="test_check_metrics_throughput_drop" time="0.005" /><testcase classname="tests.test_alert_system.TestAlertSystem" name="test_cooldown_mechanism" time="0.006" /><testcase classname="tests.test_alert_system.TestAlertSystem" name="test_alert_callback" time="0.005" /><testcase classname="tests.test_alert_system.TestAlertSystem" name="test_alert_history" time="0.106" /><testcase classname="tests.test_alert_system.TestAlertSystem" name="test_resolve_alert" time="0.005" /><testcase classname="tests.test_alert_system.TestAlertSystem" name="test_get_active_alerts" time="0.107" /><testcase classname="tests.test_alert_system.TestAlertSystem" name="test_save_and_load_history" time="0.014" /><testcase classname="tests.test_alert_system.TestAlertSystem" name="test_clear_history" time="0.005" /><testcase classname="tests.test_alert_system.TestAlertSystem" name="test_get_alert_system_singleton" time="0.002" /><testcase classname="tests.test_alert_system.TestAlertSystem" name="test_multiple_alerts_no_cooldown" time="0.008" /><testcase classname="tests.test_alert_notifications.TestBaseNotifier" name="test_base_notifier_disabled" time="0.001" /><testcase classname="tests.test_alert_notifications.TestBaseNotifier" name="test_base_notifier_not_implemented" time="0.001" /><testcase classname="tests.test_alert_notifications.TestEmailNotifier" name="test_email_notifier_init" time="0.001" /><testcase classname="tests.test_alert_notifications.TestEmailNotifier" name="test_email_notifier_no_recipients" time="0.001" /><testcase classname="tests.test_alert_notifications.TestEmailNotifier" name="test_email_send_success" time="0.003" /><testcase classname="tests.test_alert_notifications.TestEmailNotifier" name="test_email_create_subject" time="0.001" /><testcase classname="tests.test_alert_notifications.TestWeComWebhookNotifier" name="test_wecom_notifier_init" time="0.001" /><testcase classname="tests.test_alert_notifications.TestWeComWebhookNotifier" name="test_wecom_send_success" time="0.001" /><testcase classname="tests.test_alert_notifications.TestWeComWebhookNotifier" name="test_wecom_send_failure" time="0.001" /><testcase classname="tests.test_alert_notifications.TestDingTalkWebhookNotifier" name="test_dingtalk_notifier_init" time="0.001" /><testcase classname="tests.test_alert_notifications.TestDingTalkWebhookNotifier" name="test_dingtalk_send_success" time="0.001" /><testcase classname="tests.test_alert_notifications.TestSlackWebhookNotifier" name="test_slack_notifier_init" time="0.001" /><testcase classname="tests.test_alert_notifications.TestSlackWebhookNotifier" name="test_slack_send_success" time="0.001" /><testcase classname="tests.test_alert_notifications.TestNotifierIntegration" name="test_multiple_notifiers" time="0.001" /><testcase classname="tests.test_alert_notifications.TestNotifierIntegration" name="test_notifier_disabled" time="0.001" /><testcase classname="tests.test_alert_system_integration.TestAlertSystemIntegration" name="test_performance_degradation_triggers_alert" time="0.007" /><testcase classname="tests.test_alert_system_integration.TestAlertSystemIntegration" name="test_high_error_rate_triggers_alert" time="0.509" /><testcase classname="tests.test_alert_system_integration.TestAlertSystemIntegration" name="test_alert_integration_does_not_break_monitor" time="0.001" /><testcase classname="tests.test_alert_system_integration.TestAlertSystemIntegration" name="test_alert_system_import_fallback" time="0.001" /><testcase classname="tests.test_alert_system_integration.TestAlertSystemIntegration" name="test_cooldown_mechanism_in_integration" time="0.006" /><testcase classname="tests.test_gui_alert_panel.TestAlertPanelImport" name="test_alert_panel_import" time="0.076" /><testcase classname="tests.test_gui_alert_panel.TestAlertPanelImport" name="test_alert_panel_constants" time="0.000" /><testcase classname="tests.test_gui_alert_panel.TestAlertPanelImport" name="test_gui_integration_import" time="0.001" /></testsuite></testsuites>